<?xml version="1.0" encoding="UTF-8"?>
<!-- Generated by org.testng.reporters.JUnitReportReporter -->
<testsuite skipped="0" hostname="CDC2-L-FMG9T72" name="com.tests.NewTest2" tests="1" failures="0" timestamp="17 Apr 2018 06:58:57 GMT" time="46.114" errors="0">
  <testcase name="launchfirefox" time="46.114" classname="com.tests.NewTest2"/>
</testsuite> <!-- com.tests.NewTest2 -->
